app/build/intermediates/manifest_merge_blame_file/debug/manifest-merger-blame-debug-report.txt
1<?xml version="1.0" encoding="utf-8"?>
2<manifest xmlns:android="http://schemas.android.com/apk/res/android"
3    package="com.example.myapplication"
4    android:versionCode="1"
5    android:versionName="1.0" >
6
7    <uses-sdk
8        android:minSdkVersion="29"
9        android:targetSdkVersion="34" />
10
11    <uses-permission android:name="android.permission.ACCESS_NETWORK_STATE" />
11-->[com.google.firebase:firebase-inappmessaging:20.4.0] AndroidManifest.xml:7:5-79
11-->[com.google.firebase:firebase-inappmessaging:20.4.0] AndroidManifest.xml:7:22-76
12    <uses-permission android:name="android.permission.INTERNET" />
12-->[com.google.firebase:firebase-inappmessaging:20.4.0] AndroidManifest.xml:8:5-67
12-->[com.google.firebase:firebase-inappmessaging:20.4.0] AndroidManifest.xml:8:22-64
13
14    <permission
14-->[androidx.core:core:1.12.0] AndroidManifest.xml:22:5-24:47
15        android:name="com.example.myapplication.DYNAMIC_RECEIVER_NOT_EXPORTED_PERMISSION"
15-->[androidx.core:core:1.12.0] AndroidManifest.xml:23:9-81
16        android:protectionLevel="signature" />
16-->[androidx.core:core:1.12.0] AndroidManifest.xml:24:9-44
17
18    <uses-permission android:name="com.example.myapplication.DYNAMIC_RECEIVER_NOT_EXPORTED_PERMISSION" />
18-->[androidx.core:core:1.12.0] AndroidManifest.xml:26:5-97
18-->[androidx.core:core:1.12.0] AndroidManifest.xml:26:22-94
19
20    <application
20-->src\main\AndroidManifest.xml:5:5-24:19
21        android:allowBackup="true"
21-->src\main\AndroidManifest.xml:6:9-35
22        android:appComponentFactory="androidx.core.app.CoreComponentFactory"
22-->[androidx.core:core:1.12.0] AndroidManifest.xml:28:18-86
23        android:dataExtractionRules="@xml/data_extraction_rules"
23-->src\main\AndroidManifest.xml:7:9-65
24        android:debuggable="true"
25        android:extractNativeLibs="false"
26        android:fullBackupContent="@xml/backup_rules"
26-->src\main\AndroidManifest.xml:8:9-54
27        android:icon="@mipmap/ic_launcher"
27-->src\main\AndroidManifest.xml:9:9-43
28        android:label="@string/app_name"
28-->src\main\AndroidManifest.xml:10:9-41
29        android:roundIcon="@mipmap/ic_launcher_round"
29-->src\main\AndroidManifest.xml:11:9-54
30        android:supportsRtl="true"
30-->src\main\AndroidManifest.xml:12:9-35
31        android:testOnly="true"
32        android:theme="@style/Theme.MyApplication" >
32-->src\main\AndroidManifest.xml:13:9-51
33        <activity
33-->src\main\AndroidManifest.xml:15:9-23:20
34            android:name="com.example.myapplication.MainActivity"
34-->src\main\AndroidManifest.xml:16:13-41
35            android:exported="true" >
35-->src\main\AndroidManifest.xml:17:13-36
36            <intent-filter>
36-->src\main\AndroidManifest.xml:18:13-22:29
37                <action android:name="android.intent.action.MAIN" />
37-->src\main\AndroidManifest.xml:19:17-69
37-->src\main\AndroidManifest.xml:19:25-66
38
39                <category android:name="android.intent.category.LAUNCHER" />
39-->src\main\AndroidManifest.xml:21:17-77
39-->src\main\AndroidManifest.xml:21:27-74
40            </intent-filter>
41        </activity>
42
43        <provider
43-->[androidx.emoji2:emoji2:1.2.0] AndroidManifest.xml:24:9-32:20
44            android:name="androidx.startup.InitializationProvider"
44-->[androidx.emoji2:emoji2:1.2.0] AndroidManifest.xml:25:13-67
45            android:authorities="com.example.myapplication.androidx-startup"
45-->[androidx.emoji2:emoji2:1.2.0] AndroidManifest.xml:26:13-68
46            android:exported="false" >
46-->[androidx.emoji2:emoji2:1.2.0] AndroidManifest.xml:27:13-37
47            <meta-data
47-->[androidx.emoji2:emoji2:1.2.0] AndroidManifest.xml:29:13-31:52
48                android:name="androidx.emoji2.text.EmojiCompatInitializer"
48-->[androidx.emoji2:emoji2:1.2.0] AndroidManifest.xml:30:17-75
49                android:value="androidx.startup" />
49-->[androidx.emoji2:emoji2:1.2.0] AndroidManifest.xml:31:17-49
50            <meta-data
50-->[androidx.lifecycle:lifecycle-process:2.6.1] AndroidManifest.xml:29:13-31:52
51                android:name="androidx.lifecycle.ProcessLifecycleInitializer"
51-->[androidx.lifecycle:lifecycle-process:2.6.1] AndroidManifest.xml:30:17-78
52                android:value="androidx.startup" />
52-->[androidx.lifecycle:lifecycle-process:2.6.1] AndroidManifest.xml:31:17-49
53            <meta-data
53-->[androidx.profileinstaller:profileinstaller:1.3.0] AndroidManifest.xml:29:13-31:52
54                android:name="androidx.profileinstaller.ProfileInstallerInitializer"
54-->[androidx.profileinstaller:profileinstaller:1.3.0] AndroidManifest.xml:30:17-85
55                android:value="androidx.startup" />
55-->[androidx.profileinstaller:profileinstaller:1.3.0] AndroidManifest.xml:31:17-49
56        </provider>
57
58        <service
58-->[com.google.firebase:firebase-inappmessaging:20.4.0] AndroidManifest.xml:11:9-20:19
59            android:name="com.google.firebase.components.ComponentDiscoveryService"
59-->[com.google.firebase:firebase-inappmessaging:20.4.0] AndroidManifest.xml:12:13-84
60            android:directBootAware="true"
60-->[com.google.firebase:firebase-common:20.4.2] AndroidManifest.xml:32:13-43
61            android:exported="false" >
61-->[com.google.firebase:firebase-inappmessaging:20.4.0] AndroidManifest.xml:13:13-37
62            <meta-data
62-->[com.google.firebase:firebase-inappmessaging:20.4.0] AndroidManifest.xml:14:13-16:85
63                android:name="com.google.firebase.components:com.google.firebase.inappmessaging.FirebaseInAppMessagingKtxRegistrar"
63-->[com.google.firebase:firebase-inappmessaging:20.4.0] AndroidManifest.xml:15:17-132
64                android:value="com.google.firebase.components.ComponentRegistrar" />
64-->[com.google.firebase:firebase-inappmessaging:20.4.0] AndroidManifest.xml:16:17-82
65            <meta-data
65-->[com.google.firebase:firebase-inappmessaging:20.4.0] AndroidManifest.xml:17:13-19:85
66                android:name="com.google.firebase.components:com.google.firebase.inappmessaging.FirebaseInAppMessagingRegistrar"
66-->[com.google.firebase:firebase-inappmessaging:20.4.0] AndroidManifest.xml:18:17-129
67                android:value="com.google.firebase.components.ComponentRegistrar" />
67-->[com.google.firebase:firebase-inappmessaging:20.4.0] AndroidManifest.xml:19:17-82
68            <meta-data
68-->[com.google.firebase:firebase-abt:21.1.1] AndroidManifest.xml:12:13-14:85
69                android:name="com.google.firebase.components:com.google.firebase.abt.component.AbtRegistrar"
69-->[com.google.firebase:firebase-abt:21.1.1] AndroidManifest.xml:13:17-109
70                android:value="com.google.firebase.components.ComponentRegistrar" />
70-->[com.google.firebase:firebase-abt:21.1.1] AndroidManifest.xml:14:17-82
71            <meta-data
71-->[com.google.firebase:firebase-installations:17.2.0] AndroidManifest.xml:15:13-17:85
72                android:name="com.google.firebase.components:com.google.firebase.installations.FirebaseInstallationsKtxRegistrar"
72-->[com.google.firebase:firebase-installations:17.2.0] AndroidManifest.xml:16:17-130
73                android:value="com.google.firebase.components.ComponentRegistrar" />
73-->[com.google.firebase:firebase-installations:17.2.0] AndroidManifest.xml:17:17-82
74            <meta-data
74-->[com.google.firebase:firebase-installations:17.2.0] AndroidManifest.xml:18:13-20:85
75                android:name="com.google.firebase.components:com.google.firebase.installations.FirebaseInstallationsRegistrar"
75-->[com.google.firebase:firebase-installations:17.2.0] AndroidManifest.xml:19:17-127
76                android:value="com.google.firebase.components.ComponentRegistrar" />
76-->[com.google.firebase:firebase-installations:17.2.0] AndroidManifest.xml:20:17-82
77            <meta-data
77-->[com.google.firebase:firebase-common-ktx:20.4.2] AndroidManifest.xml:12:13-14:85
78                android:name="com.google.firebase.components:com.google.firebase.ktx.FirebaseCommonLegacyRegistrar"
78-->[com.google.firebase:firebase-common-ktx:20.4.2] AndroidManifest.xml:13:17-116
79                android:value="com.google.firebase.components.ComponentRegistrar" />
79-->[com.google.firebase:firebase-common-ktx:20.4.2] AndroidManifest.xml:14:17-82
80            <meta-data
80-->[com.google.firebase:firebase-common:20.4.2] AndroidManifest.xml:35:13-37:85
81                android:name="com.google.firebase.components:com.google.firebase.FirebaseCommonKtxRegistrar"
81-->[com.google.firebase:firebase-common:20.4.2] AndroidManifest.xml:36:17-109
82                android:value="com.google.firebase.components.ComponentRegistrar" />
82-->[com.google.firebase:firebase-common:20.4.2] AndroidManifest.xml:37:17-82
83            <meta-data
83-->[com.google.firebase:firebase-datatransport:18.2.0] AndroidManifest.xml:25:13-27:85
84                android:name="com.google.firebase.components:com.google.firebase.datatransport.TransportRegistrar"
84-->[com.google.firebase:firebase-datatransport:18.2.0] AndroidManifest.xml:26:17-115
85                android:value="com.google.firebase.components.ComponentRegistrar" />
85-->[com.google.firebase:firebase-datatransport:18.2.0] AndroidManifest.xml:27:17-82
86        </service>
87
88        <provider
88-->[com.google.firebase:firebase-common:20.4.2] AndroidManifest.xml:23:9-28:39
89            android:name="com.google.firebase.provider.FirebaseInitProvider"
89-->[com.google.firebase:firebase-common:20.4.2] AndroidManifest.xml:24:13-77
90            android:authorities="com.example.myapplication.firebaseinitprovider"
90-->[com.google.firebase:firebase-common:20.4.2] AndroidManifest.xml:25:13-72
91            android:directBootAware="true"
91-->[com.google.firebase:firebase-common:20.4.2] AndroidManifest.xml:26:13-43
92            android:exported="false"
92-->[com.google.firebase:firebase-common:20.4.2] AndroidManifest.xml:27:13-37
93            android:initOrder="100" />
93-->[com.google.firebase:firebase-common:20.4.2] AndroidManifest.xml:28:13-36
94
95        <meta-data
95-->[com.google.android.gms:play-services-basement:18.1.0] AndroidManifest.xml:21:9-23:69
96            android:name="com.google.android.gms.version"
96-->[com.google.android.gms:play-services-basement:18.1.0] AndroidManifest.xml:22:13-58
97            android:value="@integer/google_play_services_version" />
97-->[com.google.android.gms:play-services-basement:18.1.0] AndroidManifest.xml:23:13-66
98
99        <service
99-->[com.google.android.datatransport:transport-backend-cct:3.1.9] AndroidManifest.xml:28:9-34:19
100            android:name="com.google.android.datatransport.runtime.backends.TransportBackendDiscovery"
100-->[com.google.android.datatransport:transport-backend-cct:3.1.9] AndroidManifest.xml:29:13-103
101            android:exported="false" >
101-->[com.google.android.datatransport:transport-backend-cct:3.1.9] AndroidManifest.xml:30:13-37
102            <meta-data
102-->[com.google.android.datatransport:transport-backend-cct:3.1.9] AndroidManifest.xml:31:13-33:39
103                android:name="backend:com.google.android.datatransport.cct.CctBackendFactory"
103-->[com.google.android.datatransport:transport-backend-cct:3.1.9] AndroidManifest.xml:32:17-94
104                android:value="cct" />
104-->[com.google.android.datatransport:transport-backend-cct:3.1.9] AndroidManifest.xml:33:17-36
105        </service>
106        <service
106-->[com.google.android.datatransport:transport-runtime:3.1.9] AndroidManifest.xml:26:9-30:19
107            android:name="com.google.android.datatransport.runtime.scheduling.jobscheduling.JobInfoSchedulerService"
107-->[com.google.android.datatransport:transport-runtime:3.1.9] AndroidManifest.xml:27:13-117
108            android:exported="false"
108-->[com.google.android.datatransport:transport-runtime:3.1.9] AndroidManifest.xml:28:13-37
109            android:permission="android.permission.BIND_JOB_SERVICE" >
109-->[com.google.android.datatransport:transport-runtime:3.1.9] AndroidManifest.xml:29:13-69
110        </service>
111
112        <receiver
112-->[com.google.android.datatransport:transport-runtime:3.1.9] AndroidManifest.xml:32:9-34:40
113            android:name="com.google.android.datatransport.runtime.scheduling.jobscheduling.AlarmManagerSchedulerBroadcastReceiver"
113-->[com.google.android.datatransport:transport-runtime:3.1.9] AndroidManifest.xml:33:13-132
114            android:exported="false" />
114-->[com.google.android.datatransport:transport-runtime:3.1.9] AndroidManifest.xml:34:13-37
115        <receiver
115-->[androidx.profileinstaller:profileinstaller:1.3.0] AndroidManifest.xml:34:9-52:20
116            android:name="androidx.profileinstaller.ProfileInstallReceiver"
116-->[androidx.profileinstaller:profileinstaller:1.3.0] AndroidManifest.xml:35:13-76
117            android:directBootAware="false"
117-->[androidx.profileinstaller:profileinstaller:1.3.0] AndroidManifest.xml:36:13-44
118            android:enabled="true"
118-->[androidx.profileinstaller:profileinstaller:1.3.0] AndroidManifest.xml:37:13-35
119            android:exported="true"
119-->[androidx.profileinstaller:profileinstaller:1.3.0] AndroidManifest.xml:38:13-36
120            android:permission="android.permission.DUMP" >
120-->[androidx.profileinstaller:profileinstaller:1.3.0] AndroidManifest.xml:39:13-57
121            <intent-filter>
121-->[androidx.profileinstaller:profileinstaller:1.3.0] AndroidManifest.xml:40:13-42:29
122                <action android:name="androidx.profileinstaller.action.INSTALL_PROFILE" />
122-->[androidx.profileinstaller:profileinstaller:1.3.0] AndroidManifest.xml:41:17-91
122-->[androidx.profileinstaller:profileinstaller:1.3.0] AndroidManifest.xml:41:25-88
123            </intent-filter>
124            <intent-filter>
124-->[androidx.profileinstaller:profileinstaller:1.3.0] AndroidManifest.xml:43:13-45:29
125                <action android:name="androidx.profileinstaller.action.SKIP_FILE" />
125-->[androidx.profileinstaller:profileinstaller:1.3.0] AndroidManifest.xml:44:17-85
125-->[androidx.profileinstaller:profileinstaller:1.3.0] AndroidManifest.xml:44:25-82
126            </intent-filter>
127            <intent-filter>
127-->[androidx.profileinstaller:profileinstaller:1.3.0] AndroidManifest.xml:46:13-48:29
128                <action android:name="androidx.profileinstaller.action.SAVE_PROFILE" />
128-->[androidx.profileinstaller:profileinstaller:1.3.0] AndroidManifest.xml:47:17-88
128-->[androidx.profileinstaller:profileinstaller:1.3.0] AndroidManifest.xml:47:25-85
129            </intent-filter>
130            <intent-filter>
130-->[androidx.profileinstaller:profileinstaller:1.3.0] AndroidManifest.xml:49:13-51:29
131                <action android:name="androidx.profileinstaller.action.BENCHMARK_OPERATION" />
131-->[androidx.profileinstaller:profileinstaller:1.3.0] AndroidManifest.xml:50:17-95
131-->[androidx.profileinstaller:profileinstaller:1.3.0] AndroidManifest.xml:50:25-92
132            </intent-filter>
133        </receiver>
134    </application>
135
136</manifest>